<?xml version="1.0" encoding="UTF-8"?>
<!-- Generated by org.testng.reporters.JUnitXMLReporter -->
<testsuite ignored="0" hostname="Alex" failures="0" tests="4" name="WW App Test Cases" time="55.877" errors="0" timestamp="2020-07-23T10:30:14 MDT">
  <testcase classname="com.ww.qa.testcases.HomePageTest" name="verifyHomePageTitleTest" time="0.051"/>
  <testcase classname="com.ww.qa.testcases.HomePageTest" name="clickOnFindPage" time="2.971"/>
  <testcase classname="com.ww.qa.testcases.FindPageTest" name="verifyFindPageTitleTest" time="0.01"/>
  <testcase classname="com.ww.qa.testcases.FindPageTest" name="searchLocationsTest" time="4.975"/>
</testsuite> <!-- WW App Test Cases -->
