<?xml version="1.0" encoding="UTF-8"?>
<!-- Generated by org.testng.reporters.JUnitXMLReporter -->
<testsuite ignored="1" hostname="Alex" failures="0" tests="1" name="Default test" time="22.82" errors="0" timestamp="2020-07-22T11:14:04 MDT">
  <testcase classname="com.ww.qa.testcases.FindPageTest" name="searchLocationsTest" time="4.946"/>
  <testcase classname="com.ww.qa.testcases.FindPageTest" name="verifyFindPageTitleTest" time="0.0">
    <ignored/>
  </testcase> <!-- verifyFindPageTitleTest -->
</testsuite> <!-- Default test -->
